<?xml version="1.0" encoding="utf-8"?><testsuites name="pytest tests"><testsuite name="pytest" errors="0" failures="0" skipped="0" tests="0" time="0.216" timestamp="2025-08-31T03:25:13.063656-04:00" hostname="LAPTOP-A0219DC1" /></testsuites>