<?xml version="1.0" encoding="utf-8"?><testsuites name="pytest tests"><testsuite name="pytest" errors="2" failures="0" skipped="0" tests="2" time="0.802" timestamp="2025-08-31T04:08:12.738023-04:00" hostname="LAPTOP-A0219DC1"><testcase classname="" name="cfd_solver.tests.test_core" time="0.000"><error message="collection failure">ImportError while importing test module 'C:\Users\Elite\Documents\commands\salvage\cfd_solver\tests\test_core.py'.
Hint: make sure your test modules/packages have valid Python names.
Traceback:
..\..\..\..\AppData\Local\Programs\Python\Python313\Lib\importlib\__init__.py:88: in import_module
    return _bootstrap._gcd_import(name[level:], package, level)
           ^^^^^^^^^^^^^^^^^^^^^^^^^^^^^^^^^^^^^^^^^^^^^^^^^^^^
tests\test_core.py:2: in &lt;module&gt;
    from pyfoamclone.core.field import Field
E   ModuleNotFoundError: No module named 'pyfoamclone.core'</error></testcase><testcase classname="" name="cfd_solver.tests.test_mesh" time="0.000"><error message="collection failure">ImportError while importing test module 'C:\Users\Elite\Documents\commands\salvage\cfd_solver\tests\test_mesh.py'.
Hint: make sure your test modules/packages have valid Python names.
Traceback:
..\..\..\..\AppData\Local\Programs\Python\Python313\Lib\importlib\__init__.py:88: in import_module
    return _bootstrap._gcd_import(name[level:], package, level)
           ^^^^^^^^^^^^^^^^^^^^^^^^^^^^^^^^^^^^^^^^^^^^^^^^^^^^
tests\test_mesh.py:2: in &lt;module&gt;
    from pyfoamclone.mesh.grid import Grid
E   ModuleNotFoundError: No module named 'pyfoamclone.mesh'</error></testcase></testsuite></testsuites>